#
# There is insufficient memory for the Java Runtime Environment to continue.
# Native memory allocation (mmap) failed to map 134217728 bytes for Failed to commit area from 0x0000000081e00000 to 0x0000000089e00000 of length 134217728.
# Possible reasons:
#   The system is out of physical RAM or swap space
#   The process is running with CompressedOops enabled, and the Java Heap may be blocking the growth of the native heap
# Possible solutions:
#   Reduce memory load on the system
#   Increase physical memory or swap space
#   Check if swap backing store is full
#   Decrease Java heap size (-Xmx/-Xms)
#   Decrease number of Java threads
#   Decrease Java thread stack sizes (-Xss)
#   Set larger code cache with -XX:ReservedCodeCacheSize=
# This output file may be truncated or incomplete.
#
#  Out of Memory Error (t:/workspace/open/src/hotspot/os/windows/os_windows.cpp:3271), pid=13940, tid=16004
#
# JRE version:  (11.0.6+8) (build )
# Java VM: Java HotSpot(TM) 64-Bit Server VM (11.0.6+8-LTS, mixed mode, sharing, tiered, compressed oops, g1 gc, windows-amd64)
# No core dump will be written. Minidumps are not enabled by default on client versions of Windows
#

---------------  S U M M A R Y ------------

Command Line: -javaagent:C:\Program Files\JetBrains\IntelliJ IDEA Community Edition 2019.3.1\lib\idea_rt.jar=54729:C:\Program Files\JetBrains\IntelliJ IDEA Community Edition 2019.3.1\bin -Dfile.encoding=UTF-8 Cryptographic.CertificateValidation

Host: Intel(R) Core(TM) i5-3570 CPU @ 3.40GHz, 4 cores, 7G,  Windows 10 , 64 bit Build 17763 (10.0.17763.475)
Time: Thu Jul  7 10:58:50 2022 Egypt Standard Time elapsed time: 0 seconds (0d 0h 0m 0s)

---------------  T H R E A D  ---------------

Current thread (0x0000019d64137800):  JavaThread "Unknown thread" [_thread_in_vm, id=16004, stack(0x0000008995700000,0x0000008995800000)]

Stack: [0x0000008995700000,0x0000008995800000]
Native frames: (J=compiled Java code, j=interpreted, Vv=VM code, C=native code)
V  [jvm.dll+0x63679a]
V  [jvm.dll+0x7755bf]
V  [jvm.dll+0x776c65]
V  [jvm.dll+0x7772d3]
V  [jvm.dll+0x25e7f8]
V  [jvm.dll+0x633c4a]
V  [jvm.dll+0x628625]
V  [jvm.dll+0x314a7c]
V  [jvm.dll+0x314902]
V  [jvm.dll+0x31a176]
V  [jvm.dll+0x36650f]
V  [jvm.dll+0x365f30]
V  [jvm.dll+0x2f1a78]
V  [jvm.dll+0x2f2bf6]
V  [jvm.dll+0x74e707]
V  [jvm.dll+0x74fe7f]
V  [jvm.dll+0x373349]
V  [jvm.dll+0x734e5e]
V  [jvm.dll+0x3e2b5d]
V  [jvm.dll+0x3e4ef1]
C  [java.exe+0x3607]
C  [java.exe+0x178dc]
C  [KERNEL32.DLL+0x17974]
C  [ntdll.dll+0x6a271]


---------------  P R O C E S S  ---------------

Threads class SMR info:
_java_thread_list=0x0000019d61f1c550, length=0, elements={
}

Java Threads: ( => current thread )

Other Threads:
  0x0000019d6414d800 GCTaskThread "GC Thread#0" [stack: 0x0000008995800000,0x0000008995900000] [id=1088]
  0x0000019d6417e000 ConcurrentGCThread "G1 Main Marker" [stack: 0x0000008995900000,0x0000008995a00000] [id=17484]
  0x0000019d6417f800 ConcurrentGCThread "G1 Conc#0" [stack: 0x0000008995a00000,0x0000008995b00000] [id=6132]

[error occurred during error reporting (printing all threads), id 0xc0000005, EXCEPTION_ACCESS_VIOLATION (0xc0000005) at pc=0x00007ff8f31d0207]

VM state:not at safepoint (not fully initialized)

VM Mutex/Monitor currently owned by a thread:  ([mutex/lock_event])
[0x0000019d64134d50] Heap_lock - owner thread: 0x0000019d64137800

Heap address: 0x0000000081e00000, size: 2018 MB, Compressed Oops mode: Non-zero based: 0x0000000081e00000
Narrow klass base: 0x0000000000000000, Narrow klass shift: 0

GC Heap History (0 events):
No events

Deoptimization events (0 events):
No events

Classes redefined (0 events):
No events

Internal exceptions (0 events):
No events

Events (0 events):
No events


Dynamic libraries:
0x00007ff7bfdc0000 - 0x00007ff7bfe07000 	C:\Program Files\Java\jdk-11.0.6\bin\java.exe
0x00007ff964f30000 - 0x00007ff96511d000 	C:\Windows\SYSTEM32\ntdll.dll
0x00007ff964a30000 - 0x00007ff964ae3000 	C:\Windows\System32\KERNEL32.DLL
0x00007ff961e70000 - 0x00007ff962103000 	C:\Windows\System32\KERNELBASE.dll
0x00007ff9647b0000 - 0x00007ff964853000 	C:\Windows\System32\ADVAPI32.dll
0x00007ff963a70000 - 0x00007ff963b0e000 	C:\Windows\System32\msvcrt.dll
0x00007ff963830000 - 0x00007ff9638ce000 	C:\Windows\System32\sechost.dll
0x00007ff963700000 - 0x00007ff963822000 	C:\Windows\System32\RPCRT4.dll
0x00007ff9638d0000 - 0x00007ff963a67000 	C:\Windows\System32\USER32.dll
0x00007ff961da0000 - 0x00007ff961dc0000 	C:\Windows\System32\win32u.dll
0x00007ff963b10000 - 0x00007ff963b39000 	C:\Windows\System32\GDI32.dll
0x00007ff961c00000 - 0x00007ff961d9a000 	C:\Windows\System32\gdi32full.dll
0x00007ff961830000 - 0x00007ff9618d0000 	C:\Windows\System32\msvcp_win.dll
0x00007ff961920000 - 0x00007ff961a1a000 	C:\Windows\System32\ucrtbase.dll
0x00007ff954740000 - 0x00007ff9549b9000 	C:\Windows\WinSxS\amd64_microsoft.windows.common-controls_6595b64144ccf1df_6.0.17763.475_none_05b43ca607202c6c\COMCTL32.dll
0x00007ff95a5e0000 - 0x00007ff95a5ea000 	C:\Windows\SYSTEM32\VERSION.dll
0x00007ff964af0000 - 0x00007ff964e1c000 	C:\Windows\System32\combase.dll
0x00007ff961750000 - 0x00007ff9617ce000 	C:\Windows\System32\bcryptPrimitives.dll
0x00007ff9644d0000 - 0x00007ff9644fe000 	C:\Windows\System32\IMM32.DLL
0x00007ff9469f0000 - 0x00007ff946a06000 	C:\Program Files\Java\jdk-11.0.6\bin\vcruntime140.dll
0x00007ff914520000 - 0x00007ff9145ca000 	C:\Program Files\Java\jdk-11.0.6\bin\msvcp140.dll
0x00007ff8f2ed0000 - 0x00007ff8f39f9000 	C:\Program Files\Java\jdk-11.0.6\bin\server\jvm.dll
0x00007ff964370000 - 0x00007ff964378000 	C:\Windows\System32\PSAPI.DLL
0x00007ff952a70000 - 0x00007ff952a79000 	C:\Windows\SYSTEM32\WSOCK32.dll
0x00007ff964460000 - 0x00007ff9644cd000 	C:\Windows\System32\WS2_32.dll
0x00007ff95edb0000 - 0x00007ff95edd4000 	C:\Windows\SYSTEM32\WINMM.dll
0x00007ff95ed80000 - 0x00007ff95edad000 	C:\Windows\SYSTEM32\WINMMBASE.dll
0x00007ff9618d0000 - 0x00007ff96191a000 	C:\Windows\System32\cfgmgr32.dll
0x00007ff960f30000 - 0x00007ff960f41000 	C:\Windows\System32\kernel.appcore.dll
0x00007ff944c90000 - 0x00007ff944ca1000 	C:\Program Files\Java\jdk-11.0.6\bin\verify.dll
0x00007ff9504c0000 - 0x00007ff9506ad000 	C:\Windows\SYSTEM32\DBGHELP.DLL
0x00007ff950240000 - 0x00007ff95026a000 	C:\Windows\SYSTEM32\dbgcore.DLL
0x00007ff944c60000 - 0x00007ff944c89000 	C:\Program Files\Java\jdk-11.0.6\bin\java.dll
0x00007ff938950000 - 0x00007ff93897f000 	C:\Program Files\Java\jdk-11.0.6\bin\instrument.dll
0x00007ff943ec0000 - 0x00007ff943ed6000 	C:\Program Files\Java\jdk-11.0.6\bin\zip.dll
0x00007ff95d130000 - 0x00007ff95d13a000 	C:\Program Files\Java\jdk-11.0.6\bin\jimage.dll

dbghelp: loaded successfully - version: 4.0.5 - missing functions: none
symbol engine: initialized successfully - sym options: 0x614 - pdb path: .;C:\Program Files\Java\jdk-11.0.6\bin;C:\Windows\SYSTEM32;C:\Windows\WinSxS\amd64_microsoft.windows.common-controls_6595b64144ccf1df_6.0.17763.475_none_05b43ca607202c6c;C:\Program Files\Java\jdk-11.0.6\bin\server

VM Arguments:
jvm_args: -javaagent:C:\Program Files\JetBrains\IntelliJ IDEA Community Edition 2019.3.1\lib\idea_rt.jar=54729:C:\Program Files\JetBrains\IntelliJ IDEA Community Edition 2019.3.1\bin -Dfile.encoding=UTF-8 
java_command: Cryptographic.CertificateValidation
java_class_path (initial): C:\Users\mina\IdeaProjects\DesignPatterPalying\target\classes;C:\Users\mina\.m2\repository\org\apache\maven\plugins\maven-compiler-plugin\3.8.1\maven-compiler-plugin-3.8.1.jar;C:\Users\mina\.m2\repository\org\apache\maven\maven-plugin-api\3.0\maven-plugin-api-3.0.jar;C:\Users\mina\.m2\repository\org\apache\maven\maven-model\3.0\maven-model-3.0.jar;C:\Users\mina\.m2\repository\org\sonatype\sisu\sisu-inject-plexus\1.4.2\sisu-inject-plexus-1.4.2.jar;C:\Users\mina\.m2\repository\org\sonatype\sisu\sisu-inject-bean\1.4.2\sisu-inject-bean-1.4.2.jar;C:\Users\mina\.m2\repository\org\sonatype\sisu\sisu-guice\2.1.7\sisu-guice-2.1.7-noaop.jar;C:\Users\mina\.m2\repository\org\apache\maven\maven-artifact\3.0\maven-artifact-3.0.jar;C:\Users\mina\.m2\repository\org\codehaus\plexus\plexus-utils\2.0.4\plexus-utils-2.0.4.jar;C:\Users\mina\.m2\repository\org\apache\maven\maven-core\3.0\maven-core-3.0.jar;C:\Users\mina\.m2\repository\org\apache\maven\maven-settings\3.0\maven-settings-3.0.jar;C:\Users\mina\.m2\repository\org\apache\maven\maven-settings-builder\3.0\maven-settings-builder-3.0.jar;C:\Users\mina\.m2\repository\org\apache\maven\maven-repository-metadata\3.0\maven-repository-metadata-3.0.jar;C:\Users\mina\.m2\repository\org\apache\maven\maven-model-builder\3.0\maven-model-builder-3.0.jar;C:\Users\mina\.m2\repository\org\apache\maven\maven-aether-provider\3.0\maven-aether-provider-3.0.jar;C:\Users\mina\.m2\repository\org\sonatype\aether\aether-impl\1.7\aether-impl-1.7.jar;C:\Users\mina\.m2\repository\org\sonatype\aether\aether-spi\1.7\aether-spi-1.7.jar;C:\Users\mina\.m2\repository\org\sonatype\aether\aether-api\1.7\aether-api-1.7.jar;C:\Users\mina\.m2\repository\org\sonatype\aether\aether-util\1.7\aether-util-1.7.jar;C:\Users\mina\.m2\repository\org\codehaus\plexus\plexus-interpolation\1.14\plexus-interpolation-1.14.jar;C:\Users\mina\.m2\repository\org\codehaus\plexus\plexus-classworlds\2.2.3\plexus-classworlds-2.2.3.jar;C:\Users\mina\.m2\repositor
Launcher Type: SUN_STANDARD

[Global flags]
     intx CICompilerCount                          = 3                                         {product} {ergonomic}
     uint ConcGCThreads                            = 1                                         {product} {ergonomic}
     uint G1ConcRefinementThreads                  = 4                                         {product} {ergonomic}
   size_t G1HeapRegionSize                         = 1048576                                   {product} {ergonomic}
    uintx GCDrainStackTargetSize                   = 64                                        {product} {ergonomic}
   size_t InitialHeapSize                          = 134217728                                 {product} {ergonomic}
   size_t MarkStackSize                            = 4194304                                   {product} {ergonomic}
   size_t MaxHeapSize                              = 2116026368                                {product} {ergonomic}
   size_t MinHeapDeltaBytes                        = 1048576                                   {product} {ergonomic}
    uintx NonNMethodCodeHeapSize                   = 5830732                                {pd product} {ergonomic}
    uintx NonProfiledCodeHeapSize                  = 122913754                              {pd product} {ergonomic}
    uintx ProfiledCodeHeapSize                     = 122913754                              {pd product} {ergonomic}
    uintx ReservedCodeCacheSize                    = 251658240                              {pd product} {ergonomic}
     bool SegmentedCodeCache                       = true                                      {product} {ergonomic}
     bool UseCompressedClassPointers               = true                                 {lp64_product} {ergonomic}
     bool UseCompressedOops                        = true                                 {lp64_product} {ergonomic}
     bool UseG1GC                                  = true                                      {product} {ergonomic}
     bool UseLargePagesIndividualAllocation        = false                                  {pd product} {ergonomic}

Logging:
Log output configuration:
 #0: stdout all=warning uptime,level,tags
 #1: stderr all=off uptime,level,tags

Environment Variables:
PATH=C:\Program Files (x86)\Common Files\Oracle\Java\javapath;C:\Windows\system32;C:\Windows;C:\Windows\System32\Wbem;C:\Windows\System32\WindowsPowerShell\v1.0\;C:\Windows\System32\OpenSSH\;C:\Program Files (x86)\MySQL\MySQL Fabric 1.5.3 & MySQL Utilities 1.5.3 1.5\;C:\Program Files (x86)\MySQL\MySQL Fabric 1.5.3 & MySQL Utilities 1.5.3 1.5\Doctrine extensions for PHP\;C:\Program Files\Microsoft SQL Server\130\Tools\Binn\;C:\Program Files (x86)\Windows Kits\10\Windows Performance Toolkit\;C:\Program Files\dotnet\;C:\Windows\system32\config\systemprofile\.dnx\bin;C:\Program Files\Microsoft DNX\Dnvm\;C:\xampp\php;C:\composer;C:\Program Files\TortoiseSVN\bin;C:\Program Files\Git\cmd;C:\Users\mina\AppData\Local\Microsoft\WindowsApps;
USERNAME=mina
OS=Windows_NT
PROCESSOR_IDENTIFIER=Intel64 Family 6 Model 58 Stepping 9, GenuineIntel



---------------  S Y S T E M  ---------------

OS: Windows 10 , 64 bit Build 17763 (10.0.17763.475)

CPU:total 4 (initial active 4) (4 cores per cpu, 1 threads per core) family 6 model 58 stepping 9, cmov, cx8, fxsr, mmx, sse, sse2, sse3, ssse3, sse4.1, sse4.2, popcnt, avx, aes, clmul, erms, tsc, tscinvbit, tscinv

Memory: 4k page, system-wide physical 8066M (1152M free)
TotalPageFile size 12480M (AvailPageFile size 96M)
current process WorkingSet (physical memory assigned to process): 9M, peak: 9M
current process commit charge ("private bytes"): 51M, peak: 179M

vm_info: Java HotSpot(TM) 64-Bit Server VM (11.0.6+8-LTS) for windows-amd64 JRE (11.0.6+8-LTS), built on Dec 11 2019 09:17:57 by "mach5one" with MS VC++ 15.5 (VS2017)

END.
