#
# There is insufficient memory for the Java Runtime Environment to continue.
# Native memory allocation (malloc) failed to allocate 684816 bytes for Chunk::new
# Possible reasons:
#   The system is out of physical RAM or swap space
#   The process is running with CompressedOops enabled, and the Java Heap may be blocking the growth of the native heap
# Possible solutions:
#   Reduce memory load on the system
#   Increase physical memory or swap space
#   Check if swap backing store is full
#   Decrease Java heap size (-Xmx/-Xms)
#   Decrease number of Java threads
#   Decrease Java thread stack sizes (-Xss)
#   Set larger code cache with -XX:ReservedCodeCacheSize=
#   JVM is running with Unscaled Compressed Oops mode in which the Java heap is
#     placed in the first 4GB address space. The Java Heap base address is the
#     maximum limit for the native heap growth. Please use -XX:HeapBaseMinAddress
#     to set the Java Heap base and to place the Java Heap above 4GB virtual address.
# This output file may be truncated or incomplete.
#
#  Out of Memory Error (t:/workspace/open/src/hotspot/share/memory/arena.cpp:197), pid=14440, tid=12704
#
# JRE version: Java(TM) SE Runtime Environment (11.0.6+8) (build 11.0.6+8-LTS)
# Java VM: Java HotSpot(TM) 64-Bit Server VM (11.0.6+8-LTS, mixed mode, tiered, compressed oops, g1 gc, windows-amd64)
# No core dump will be written. Minidumps are not enabled by default on client versions of Windows
#

---------------  S U M M A R Y ------------

Command Line: -Dmaven.multiModuleProjectDirectory=C:\Users\mina\IdeaProjects\DesignPatterPalying -Dmaven.home=C:\Program Files\JetBrains\IntelliJ IDEA Community Edition 2019.3.1\plugins\maven\lib\maven3 -Dclassworlds.conf=C:\Program Files\JetBrains\IntelliJ IDEA Community Edition 2019.3.1\plugins\maven\lib\maven3\bin\m2.conf -Dmaven.ext.class.path=C:\Program Files\JetBrains\IntelliJ IDEA Community Edition 2019.3.1\plugins\maven\lib\maven-event-listener.jar -javaagent:C:\Program Files\JetBrains\IntelliJ IDEA Community Edition 2019.3.1\lib\idea_rt.jar=54603:C:\Program Files\JetBrains\IntelliJ IDEA Community Edition 2019.3.1\bin -Dfile.encoding=UTF-8 org.codehaus.classworlds.Launcher -Didea.version2019.3.3 install

Host: Intel(R) Core(TM) i5-3570 CPU @ 3.40GHz, 4 cores, 7G,  Windows 10 , 64 bit Build 17763 (10.0.17763.475)
Time: Thu Jul  7 10:55:35 2022 Egypt Standard Time elapsed time: 7 seconds (0d 0h 0m 7s)

---------------  T H R E A D  ---------------

Current thread (0x000001e1ff3a2000):  JavaThread "C2 CompilerThread0" daemon [_thread_in_native, id=12704, stack(0x000000bd07200000,0x000000bd07300000)]


Current CompileTask:
C2:   7093 6921       4       org.eclipse.sisu.bean.DeclaredMembers$MemberIterator::hasNext (96 bytes)

Stack: [0x000000bd07200000,0x000000bd07300000]
Native frames: (J=compiled Java code, j=interpreted, Vv=VM code, C=native code)
V  [jvm.dll+0x63679a]
V  [jvm.dll+0x7755bf]
V  [jvm.dll+0x776c65]
V  [jvm.dll+0x7772d3]
V  [jvm.dll+0x25e7f8]
V  [jvm.dll+0xc1c01]
V  [jvm.dll+0xc219c]
V  [jvm.dll+0x36d977]
V  [jvm.dll+0x33a7b3]
V  [jvm.dll+0x339b8a]
V  [jvm.dll+0x218355]
V  [jvm.dll+0x2174fa]
V  [jvm.dll+0x193a2c]
V  [jvm.dll+0x226544]
V  [jvm.dll+0x224b28]
V  [jvm.dll+0x73a9c5]
V  [jvm.dll+0x733905]
V  [jvm.dll+0x635846]
C  [ucrtbase.dll+0x21ffa]
C  [KERNEL32.DLL+0x17974]
C  [ntdll.dll+0x6a271]


---------------  P R O C E S S  ---------------

Threads class SMR info:
_java_thread_list=0x000001e19e1d4770, length=12, elements={
0x000001e1fe1b7000, 0x000001e1ff388000, 0x000001e1ff392800, 0x000001e19d212800,
0x000001e1ff39e000, 0x000001e1ff3a2000, 0x000001e1ff3a8000, 0x000001e19d25c800,
0x000001e19d2f9000, 0x000001e19d58b800, 0x000001e19d4fb000, 0x000001e19d643800
}

Java Threads: ( => current thread )
  0x000001e1fe1b7000 JavaThread "main" [_thread_in_vm, id=15392, stack(0x000000bd06700000,0x000000bd06800000)]
  0x000001e1ff388000 JavaThread "Reference Handler" daemon [_thread_blocked, id=18372, stack(0x000000bd06e00000,0x000000bd06f00000)]
  0x000001e1ff392800 JavaThread "Finalizer" daemon [_thread_in_native, id=6796, stack(0x000000bd06f00000,0x000000bd07000000)]
  0x000001e19d212800 JavaThread "Signal Dispatcher" daemon [_thread_blocked, id=6476, stack(0x000000bd07000000,0x000000bd07100000)]
  0x000001e1ff39e000 JavaThread "Attach Listener" daemon [_thread_blocked, id=18128, stack(0x000000bd07100000,0x000000bd07200000)]
=>0x000001e1ff3a2000 JavaThread "C2 CompilerThread0" daemon [_thread_in_native, id=12704, stack(0x000000bd07200000,0x000000bd07300000)]
  0x000001e1ff3a8000 JavaThread "C1 CompilerThread0" daemon [_thread_blocked, id=16892, stack(0x000000bd07300000,0x000000bd07400000)]
  0x000001e19d25c800 JavaThread "Sweeper thread" daemon [_thread_blocked, id=18396, stack(0x000000bd07400000,0x000000bd07500000)]
  0x000001e19d2f9000 JavaThread "Common-Cleaner" daemon [_thread_blocked, id=12376, stack(0x000000bd07500000,0x000000bd07600000)]
  0x000001e19d58b800 JavaThread "Monitor Ctrl-Break" daemon [_thread_in_native, id=16968, stack(0x000000bd07600000,0x000000bd07700000)]
  0x000001e19d4fb000 JavaThread "Service Thread" daemon [_thread_blocked, id=12892, stack(0x000000bd07700000,0x000000bd07800000)]
  0x000001e19d643800 JavaThread "C2 CompilerThread1" daemon [_thread_in_native, id=10640, stack(0x000000bd07900000,0x000000bd07a00000)]

Other Threads:
  0x000001e1ff360000 VMThread "VM Thread" [stack: 0x000000bd06d00000,0x000000bd06e00000] [id=5296]
  0x000001e19d500000 WatcherThread [stack: 0x000000bd07800000,0x000000bd07900000] [id=15656]
  0x000001e1fe1ce000 GCTaskThread "GC Thread#0" [stack: 0x000000bd06800000,0x000000bd06900000] [id=17452]
  0x000001e19e1cb800 GCTaskThread "GC Thread#1" [stack: 0x000000bd07a00000,0x000000bd07b00000] [id=10440]
  0x000001e19e1cc800 GCTaskThread "GC Thread#2" [stack: 0x000000bd07b00000,0x000000bd07c00000] [id=17176]
  0x000001e1fe1ff800 ConcurrentGCThread "G1 Main Marker" [stack: 0x000000bd06900000,0x000000bd06a00000] [id=13492]
  0x000001e1fe201000 ConcurrentGCThread "G1 Conc#0" [stack: 0x000000bd06a00000,0x000000bd06b00000] [id=15952]
  0x000001e1fe281800 ConcurrentGCThread "G1 Refine#0" [stack: 0x000000bd06b00000,0x000000bd06c00000] [id=8864]
  0x000001e1fe282800 ConcurrentGCThread "G1 Young RemSet Sampling" [stack: 0x000000bd06c00000,0x000000bd06d00000] [id=16760]

Threads with active compile tasks:
C2 CompilerThread06921       4       org.eclipse.sisu.bean.DeclaredMembers$MemberIterator::hasNext (96 bytes)
C2 CompilerThread16970       4       java.lang.Class::reflectionData (43 bytes)

VM state:at safepoint (normal execution)

VM Mutex/Monitor currently owned by a thread:  ([mutex/lock_event])
[0x000001e1fe1b4cc0] Safepoint_lock - owner thread: 0x0000000000000000
[0x000001e1fe1b5530] Threads_lock - owner thread: 0x000001e1ff360000

Heap address: 0x0000000081e00000, size: 2018 MB, Compressed Oops mode: 32-bit
Narrow klass base: 0x0000000000000000, Narrow klass shift: 3
Compressed class space size: 1073741824 Address: 0x0000000100000000

Heap:
 garbage-first heap   total 189440K, used 40960K [0x0000000081e00000, 0x0000000100000000)
  region size 1024K, 6 young (6144K), 2 survivors (2048K)
 Metaspace       used 35333K, capacity 36074K, committed 36144K, reserved 1081344K
  class space    used 3634K, capacity 3898K, committed 3968K, reserved 1048576K
Heap Regions: E=young(eden), S=young(survivor), O=old, HS=humongous(starts), HC=humongous(continues), CS=collection set, F=free, A=archive, TAMS=top-at-mark-start (previous, next)
|   0|0x0000000081e00000, 0x0000000081f00000, 0x0000000081f00000|100%| O|  |TAMS 0x0000000081f00000, 0x0000000081e00000| Untracked 
|   1|0x0000000081f00000, 0x0000000082000000, 0x0000000082000000|100%| O|  |TAMS 0x0000000082000000, 0x0000000081f00000| Untracked 
|   2|0x0000000082000000, 0x0000000082100000, 0x0000000082100000|100%| O|  |TAMS 0x0000000082100000, 0x0000000082000000| Untracked 
|   3|0x0000000082100000, 0x0000000082200000, 0x0000000082200000|100%| O|  |TAMS 0x0000000082200000, 0x0000000082100000| Untracked 
|   4|0x0000000082200000, 0x0000000082300000, 0x0000000082300000|100%| O|  |TAMS 0x0000000082300000, 0x0000000082200000| Untracked 
|   5|0x0000000082300000, 0x0000000082400000, 0x0000000082400000|100%| O|  |TAMS 0x0000000082400000, 0x0000000082300000| Untracked 
|   6|0x0000000082400000, 0x0000000082500000, 0x0000000082500000|100%| O|  |TAMS 0x0000000082500000, 0x0000000082400000| Untracked 
|   7|0x0000000082500000, 0x0000000082600000, 0x0000000082600000|100%| O|  |TAMS 0x0000000082600000, 0x0000000082500000| Untracked 
|   8|0x0000000082600000, 0x0000000082700000, 0x0000000082700000|100%| O|  |TAMS 0x0000000082700000, 0x0000000082600000| Untracked 
|   9|0x0000000082700000, 0x0000000082800000, 0x0000000082800000|100%| O|  |TAMS 0x0000000082800000, 0x0000000082700000| Untracked 
|  10|0x0000000082800000, 0x0000000082900000, 0x0000000082900000|100%| O|  |TAMS 0x0000000082900000, 0x0000000082800000| Untracked 
|  11|0x0000000082900000, 0x0000000082a00000, 0x0000000082a00000|100%| O|  |TAMS 0x0000000082a00000, 0x0000000082900000| Untracked 
|  12|0x0000000082a00000, 0x0000000082b00000, 0x0000000082b00000|100%| O|  |TAMS 0x0000000082b00000, 0x0000000082a00000| Untracked 
|  13|0x0000000082b00000, 0x0000000082c00000, 0x0000000082c00000|100%| O|  |TAMS 0x0000000082c00000, 0x0000000082b00000| Untracked 
|  14|0x0000000082c00000, 0x0000000082d00000, 0x0000000082d00000|100%|HS|  |TAMS 0x0000000082d00000, 0x0000000082c00000| Complete 
|  15|0x0000000082d00000, 0x0000000082e00000, 0x0000000082e00000|100%|HC|  |TAMS 0x0000000082e00000, 0x0000000082d00000| Complete 
|  16|0x0000000082e00000, 0x0000000082f00000, 0x0000000082f00000|100%| O|  |TAMS 0x0000000082f00000, 0x0000000082e00000| Untracked 
|  17|0x0000000082f00000, 0x0000000083000000, 0x0000000083000000|100%| O|  |TAMS 0x0000000083000000, 0x0000000082f00000| Untracked 
|  18|0x0000000083000000, 0x0000000083100000, 0x0000000083100000|100%| O|  |TAMS 0x0000000083100000, 0x0000000083000000| Untracked 
|  19|0x0000000083100000, 0x0000000083200000, 0x0000000083200000|100%| O|  |TAMS 0x0000000083200000, 0x0000000083100000| Untracked 
|  20|0x0000000083200000, 0x0000000083300000, 0x0000000083300000|100%| O|  |TAMS 0x0000000083300000, 0x0000000083200000| Untracked 
|  21|0x0000000083300000, 0x0000000083400000, 0x0000000083400000|100%| O|  |TAMS 0x0000000083400000, 0x0000000083300000| Untracked 
|  22|0x0000000083400000, 0x0000000083500000, 0x0000000083500000|100%| O|  |TAMS 0x0000000083500000, 0x0000000083400000| Untracked 
|  23|0x0000000083500000, 0x0000000083600000, 0x0000000083600000|100%| O|  |TAMS 0x0000000083600000, 0x0000000083500000| Untracked 
|  24|0x0000000083600000, 0x0000000083700000, 0x0000000083700000|100%| O|  |TAMS 0x0000000083700000, 0x0000000083600000| Untracked 
|  25|0x0000000083700000, 0x0000000083800000, 0x0000000083800000|100%| O|  |TAMS 0x0000000083800000, 0x0000000083700000| Untracked 
|  26|0x0000000083800000, 0x0000000083900000, 0x0000000083900000|100%| O|  |TAMS 0x0000000083900000, 0x0000000083800000| Untracked 
|  27|0x0000000083900000, 0x0000000083a00000, 0x0000000083a00000|100%| O|  |TAMS 0x0000000083a00000, 0x0000000083900000| Untracked 
|  28|0x0000000083a00000, 0x0000000083b00000, 0x0000000083b00000|100%| O|  |TAMS 0x0000000083b00000, 0x0000000083a00000| Untracked 
|  29|0x0000000083b00000, 0x0000000083c00000, 0x0000000083c00000|100%| O|  |TAMS 0x0000000083c00000, 0x0000000083b00000| Untracked 
|  30|0x0000000083c00000, 0x0000000083d00000, 0x0000000083d00000|100%| O|  |TAMS 0x0000000083d00000, 0x0000000083c00000| Untracked 
|  31|0x0000000083d00000, 0x0000000083e00000, 0x0000000083e00000|100%| O|  |TAMS 0x0000000083e00000, 0x0000000083d00000| Untracked 
|  32|0x0000000083e00000, 0x0000000083f00000, 0x0000000083f00000|100%| O|  |TAMS 0x0000000083f00000, 0x0000000083e00000| Untracked 
|  33|0x0000000083f00000, 0x0000000084000000, 0x0000000084000000|100%| O|  |TAMS 0x0000000084000000, 0x0000000083f00000| Untracked 
|  34|0x0000000084000000, 0x0000000084100000, 0x0000000084100000|100%| O|  |TAMS 0x0000000084100000, 0x0000000084000000| Untracked 
|  35|0x0000000084100000, 0x0000000084180000, 0x0000000084200000| 50%| O|  |TAMS 0x0000000084180000, 0x0000000084100000| Untracked 
|  36|0x0000000084200000, 0x0000000084200000, 0x0000000084300000|  0%| F|  |TAMS 0x0000000084200000, 0x0000000084200000| Untracked 
|  37|0x0000000084300000, 0x0000000084300000, 0x0000000084400000|  0%| F|  |TAMS 0x0000000084300000, 0x0000000084300000| Untracked 
|  38|0x0000000084400000, 0x0000000084400000, 0x0000000084500000|  0%| F|  |TAMS 0x0000000084400000, 0x0000000084400000| Untracked 
|  39|0x0000000084500000, 0x0000000084500000, 0x0000000084600000|  0%| F|  |TAMS 0x0000000084500000, 0x0000000084500000| Untracked 
|  40|0x0000000084600000, 0x0000000084600000, 0x0000000084700000|  0%| F|  |TAMS 0x0000000084600000, 0x0000000084600000| Untracked 
|  41|0x0000000084700000, 0x0000000084700000, 0x0000000084800000|  0%| F|  |TAMS 0x0000000084700000, 0x0000000084700000| Untracked 
|  42|0x0000000084800000, 0x0000000084800000, 0x0000000084900000|  0%| F|  |TAMS 0x0000000084800000, 0x0000000084800000| Untracked 
|  43|0x0000000084900000, 0x0000000084900000, 0x0000000084a00000|  0%| F|  |TAMS 0x0000000084900000, 0x0000000084900000| Untracked 
|  44|0x0000000084a00000, 0x0000000084a00000, 0x0000000084b00000|  0%| F|  |TAMS 0x0000000084a00000, 0x0000000084a00000| Untracked 
|  45|0x0000000084b00000, 0x0000000084b00000, 0x0000000084c00000|  0%| F|  |TAMS 0x0000000084b00000, 0x0000000084b00000| Untracked 
|  46|0x0000000084c00000, 0x0000000084c00000, 0x0000000084d00000|  0%| F|  |TAMS 0x0000000084c00000, 0x0000000084c00000| Untracked 
|  47|0x0000000084d00000, 0x0000000084d00000, 0x0000000084e00000|  0%| F|  |TAMS 0x0000000084d00000, 0x0000000084d00000| Untracked 
|  48|0x0000000084e00000, 0x0000000084e00000, 0x0000000084f00000|  0%| F|  |TAMS 0x0000000084e00000, 0x0000000084e00000| Untracked 
|  49|0x0000000084f00000, 0x0000000084f00000, 0x0000000085000000|  0%| F|  |TAMS 0x0000000084f00000, 0x0000000084f00000| Untracked 
|  50|0x0000000085000000, 0x0000000085000000, 0x0000000085100000|  0%| F|  |TAMS 0x0000000085000000, 0x0000000085000000| Untracked 
|  51|0x0000000085100000, 0x0000000085100000, 0x0000000085200000|  0%| F|  |TAMS 0x0000000085100000, 0x0000000085100000| Untracked 
|  52|0x0000000085200000, 0x0000000085200000, 0x0000000085300000|  0%| F|  |TAMS 0x0000000085200000, 0x0000000085200000| Untracked 
|  53|0x0000000085300000, 0x0000000085300000, 0x0000000085400000|  0%| F|  |TAMS 0x0000000085300000, 0x0000000085300000| Untracked 
|  54|0x0000000085400000, 0x0000000085400000, 0x0000000085500000|  0%| F|  |TAMS 0x0000000085400000, 0x0000000085400000| Untracked 
|  55|0x0000000085500000, 0x0000000085500000, 0x0000000085600000|  0%| F|  |TAMS 0x0000000085500000, 0x0000000085500000| Untracked 
|  56|0x0000000085600000, 0x0000000085600000, 0x0000000085700000|  0%| F|  |TAMS 0x0000000085600000, 0x0000000085600000| Untracked 
|  57|0x0000000085700000, 0x0000000085700000, 0x0000000085800000|  0%| F|  |TAMS 0x0000000085700000, 0x0000000085700000| Untracked 
|  58|0x0000000085800000, 0x0000000085800000, 0x0000000085900000|  0%| F|  |TAMS 0x0000000085800000, 0x0000000085800000| Untracked 
|  59|0x0000000085900000, 0x0000000085900000, 0x0000000085a00000|  0%| F|  |TAMS 0x0000000085900000, 0x0000000085900000| Untracked 
|  60|0x0000000085a00000, 0x0000000085a00000, 0x0000000085b00000|  0%| F|  |TAMS 0x0000000085a00000, 0x0000000085a00000| Untracked 
|  61|0x0000000085b00000, 0x0000000085b00000, 0x0000000085c00000|  0%| F|  |TAMS 0x0000000085b00000, 0x0000000085b00000| Untracked 
|  62|0x0000000085c00000, 0x0000000085c00000, 0x0000000085d00000|  0%| F|  |TAMS 0x0000000085c00000, 0x0000000085c00000| Untracked 
|  63|0x0000000085d00000, 0x0000000085d00000, 0x0000000085e00000|  0%| F|  |TAMS 0x0000000085d00000, 0x0000000085d00000| Untracked 
|  64|0x0000000085e00000, 0x0000000085e00000, 0x0000000085f00000|  0%| F|  |TAMS 0x0000000085e00000, 0x0000000085e00000| Untracked 
|  65|0x0000000085f00000, 0x0000000085f00000, 0x0000000086000000|  0%| F|  |TAMS 0x0000000085f00000, 0x0000000085f00000| Untracked 
|  66|0x0000000086000000, 0x0000000086000000, 0x0000000086100000|  0%| F|  |TAMS 0x0000000086000000, 0x0000000086000000| Untracked 
|  67|0x0000000086100000, 0x0000000086100000, 0x0000000086200000|  0%| F|  |TAMS 0x0000000086100000, 0x0000000086100000| Untracked 
|  68|0x0000000086200000, 0x0000000086200000, 0x0000000086300000|  0%| F|  |TAMS 0x0000000086200000, 0x0000000086200000| Untracked 
|  69|0x0000000086300000, 0x0000000086300000, 0x0000000086400000|  0%| F|  |TAMS 0x0000000086300000, 0x0000000086300000| Untracked 
|  70|0x0000000086400000, 0x0000000086400000, 0x0000000086500000|  0%| F|  |TAMS 0x0000000086400000, 0x0000000086400000| Untracked 
|  71|0x0000000086500000, 0x0000000086500000, 0x0000000086600000|  0%| F|  |TAMS 0x0000000086500000, 0x0000000086500000| Untracked 
|  72|0x0000000086600000, 0x0000000086600000, 0x0000000086700000|  0%| F|  |TAMS 0x0000000086600000, 0x0000000086600000| Untracked 
|  73|0x0000000086700000, 0x0000000086700000, 0x0000000086800000|  0%| F|  |TAMS 0x0000000086700000, 0x0000000086700000| Untracked 
|  74|0x0000000086800000, 0x0000000086800000, 0x0000000086900000|  0%| F|  |TAMS 0x0000000086800000, 0x0000000086800000| Untracked 
|  75|0x0000000086900000, 0x0000000086900000, 0x0000000086a00000|  0%| F|  |TAMS 0x0000000086900000, 0x0000000086900000| Untracked 
|  76|0x0000000086a00000, 0x0000000086a00000, 0x0000000086b00000|  0%| F|  |TAMS 0x0000000086a00000, 0x0000000086a00000| Untracked 
|  77|0x0000000086b00000, 0x0000000086b00000, 0x0000000086c00000|  0%| F|  |TAMS 0x0000000086b00000, 0x0000000086b00000| Untracked 
|  78|0x0000000086c00000, 0x0000000086c00000, 0x0000000086d00000|  0%| F|  |TAMS 0x0000000086c00000, 0x0000000086c00000| Untracked 
|  79|0x0000000086d00000, 0x0000000086d00000, 0x0000000086e00000|  0%| F|  |TAMS 0x0000000086d00000, 0x0000000086d00000| Untracked 
|  80|0x0000000086e00000, 0x0000000086e00000, 0x0000000086f00000|  0%| F|  |TAMS 0x0000000086e00000, 0x0000000086e00000| Untracked 
|  81|0x0000000086f00000, 0x0000000086f00000, 0x0000000087000000|  0%| F|  |TAMS 0x0000000086f00000, 0x0000000086f00000| Untracked 
|  82|0x0000000087000000, 0x0000000087000000, 0x0000000087100000|  0%| F|  |TAMS 0x0000000087000000, 0x0000000087000000| Untracked 
|  83|0x0000000087100000, 0x0000000087100000, 0x0000000087200000|  0%| F|  |TAMS 0x0000000087100000, 0x0000000087100000| Untracked 
|  84|0x0000000087200000, 0x0000000087200000, 0x0000000087300000|  0%| F|  |TAMS 0x0000000087200000, 0x0000000087200000| Untracked 
|  85|0x0000000087300000, 0x0000000087300000, 0x0000000087400000|  0%| F|  |TAMS 0x0000000087300000, 0x0000000087300000| Untracked 
|  86|0x0000000087400000, 0x0000000087400000, 0x0000000087500000|  0%| F|  |TAMS 0x0000000087400000, 0x0000000087400000| Untracked 
|  87|0x0000000087500000, 0x0000000087500000, 0x0000000087600000|  0%| F|  |TAMS 0x0000000087500000, 0x0000000087500000| Untracked 
|  88|0x0000000087600000, 0x0000000087600000, 0x0000000087700000|  0%| F|  |TAMS 0x0000000087600000, 0x0000000087600000| Untracked 
|  89|0x0000000087700000, 0x0000000087700000, 0x0000000087800000|  0%| F|  |TAMS 0x0000000087700000, 0x0000000087700000| Untracked 
|  90|0x0000000087800000, 0x0000000087800000, 0x0000000087900000|  0%| F|  |TAMS 0x0000000087800000, 0x0000000087800000| Untracked 
|  91|0x0000000087900000, 0x0000000087900000, 0x0000000087a00000|  0%| F|  |TAMS 0x0000000087900000, 0x0000000087900000| Untracked 
|  92|0x0000000087a00000, 0x0000000087a00000, 0x0000000087b00000|  0%| F|  |TAMS 0x0000000087a00000, 0x0000000087a00000| Untracked 
|  93|0x0000000087b00000, 0x0000000087b00000, 0x0000000087c00000|  0%| F|  |TAMS 0x0000000087b00000, 0x0000000087b00000| Untracked 
|  94|0x0000000087c00000, 0x0000000087c00000, 0x0000000087d00000|  0%| F|  |TAMS 0x0000000087c00000, 0x0000000087c00000| Untracked 
|  95|0x0000000087d00000, 0x0000000087d00000, 0x0000000087e00000|  0%| F|  |TAMS 0x0000000087d00000, 0x0000000087d00000| Untracked 
|  96|0x0000000087e00000, 0x0000000087e00000, 0x0000000087f00000|  0%| F|  |TAMS 0x0000000087e00000, 0x0000000087e00000| Untracked 
|  97|0x0000000087f00000, 0x0000000087f00000, 0x0000000088000000|  0%| F|  |TAMS 0x0000000087f00000, 0x0000000087f00000| Untracked 
|  98|0x0000000088000000, 0x0000000088000000, 0x0000000088100000|  0%| F|  |TAMS 0x0000000088000000, 0x0000000088000000| Untracked 
|  99|0x0000000088100000, 0x0000000088100000, 0x0000000088200000|  0%| F|  |TAMS 0x0000000088100000, 0x0000000088100000| Untracked 
| 100|0x0000000088200000, 0x0000000088200000, 0x0000000088300000|  0%| F|  |TAMS 0x0000000088200000, 0x0000000088200000| Untracked 
| 101|0x0000000088300000, 0x0000000088300000, 0x0000000088400000|  0%| F|  |TAMS 0x0000000088300000, 0x0000000088300000| Untracked 
| 102|0x0000000088400000, 0x0000000088400000, 0x0000000088500000|  0%| F|  |TAMS 0x0000000088400000, 0x0000000088400000| Untracked 
| 103|0x0000000088500000, 0x0000000088500000, 0x0000000088600000|  0%| F|  |TAMS 0x0000000088500000, 0x0000000088500000| Untracked 
| 104|0x0000000088600000, 0x0000000088600000, 0x0000000088700000|  0%| F|  |TAMS 0x0000000088600000, 0x0000000088600000| Untracked 
| 105|0x0000000088700000, 0x0000000088700000, 0x0000000088800000|  0%| F|  |TAMS 0x0000000088700000, 0x0000000088700000| Untracked 
| 106|0x0000000088800000, 0x0000000088800000, 0x0000000088900000|  0%| F|  |TAMS 0x0000000088800000, 0x0000000088800000| Untracked 
| 107|0x0000000088900000, 0x0000000088900000, 0x0000000088a00000|  0%| F|  |TAMS 0x0000000088900000, 0x0000000088900000| Untracked 
| 108|0x0000000088a00000, 0x0000000088a00000, 0x0000000088b00000|  0%| F|  |TAMS 0x0000000088a00000, 0x0000000088a00000| Untracked 
| 109|0x0000000088b00000, 0x0000000088b00000, 0x0000000088c00000|  0%| F|  |TAMS 0x0000000088b00000, 0x0000000088b00000| Untracked 
| 110|0x0000000088c00000, 0x0000000088c00000, 0x0000000088d00000|  0%| F|  |TAMS 0x0000000088c00000, 0x0000000088c00000| Untracked 
| 111|0x0000000088d00000, 0x0000000088d00000, 0x0000000088e00000|  0%| F|  |TAMS 0x0000000088d00000, 0x0000000088d00000| Untracked 
| 112|0x0000000088e00000, 0x0000000088e00000, 0x0000000088f00000|  0%| F|  |TAMS 0x0000000088e00000, 0x0000000088e00000| Untracked 
| 113|0x0000000088f00000, 0x0000000088f00000, 0x0000000089000000|  0%| F|  |TAMS 0x0000000088f00000, 0x0000000088f00000| Untracked 
| 114|0x0000000089000000, 0x0000000089000000, 0x0000000089100000|  0%| F|  |TAMS 0x0000000089000000, 0x0000000089000000| Untracked 
| 115|0x0000000089100000, 0x0000000089100000, 0x0000000089200000|  0%| F|  |TAMS 0x0000000089100000, 0x0000000089100000| Untracked 
| 116|0x0000000089200000, 0x0000000089200000, 0x0000000089300000|  0%| F|  |TAMS 0x0000000089200000, 0x0000000089200000| Untracked 
| 117|0x0000000089300000, 0x0000000089300000, 0x0000000089400000|  0%| F|  |TAMS 0x0000000089300000, 0x0000000089300000| Untracked 
| 118|0x0000000089400000, 0x0000000089400000, 0x0000000089500000|  0%| F|  |TAMS 0x0000000089400000, 0x0000000089400000| Untracked 
| 119|0x0000000089500000, 0x0000000089500000, 0x0000000089600000|  0%| F|  |TAMS 0x0000000089500000, 0x0000000089500000| Untracked 
| 120|0x0000000089600000, 0x0000000089600000, 0x0000000089700000|  0%| F|  |TAMS 0x0000000089600000, 0x0000000089600000| Untracked 
| 121|0x0000000089700000, 0x0000000089700000, 0x0000000089800000|  0%| F|  |TAMS 0x0000000089700000, 0x0000000089700000| Untracked 
| 122|0x0000000089800000, 0x0000000089800000, 0x0000000089900000|  0%| F|  |TAMS 0x0000000089800000, 0x0000000089800000| Untracked 
| 123|0x0000000089900000, 0x0000000089900000, 0x0000000089a00000|  0%| F|  |TAMS 0x0000000089900000, 0x0000000089900000| Untracked 
| 124|0x0000000089a00000, 0x0000000089a00000, 0x0000000089b00000|  0%| F|  |TAMS 0x0000000089a00000, 0x0000000089a00000| Untracked 
| 125|0x0000000089b00000, 0x0000000089b00000, 0x0000000089c00000|  0%| F|  |TAMS 0x0000000089b00000, 0x0000000089b00000| Untracked 
| 126|0x0000000089c00000, 0x0000000089c00000, 0x0000000089d00000|  0%| F|  |TAMS 0x0000000089c00000, 0x0000000089c00000| Untracked 
| 127|0x0000000089d00000, 0x0000000089d00000, 0x0000000089e00000|  0%| F|  |TAMS 0x0000000089d00000, 0x0000000089d00000| Untracked 
| 128|0x0000000089e00000, 0x0000000089e00000, 0x0000000089f00000|  0%| F|  |TAMS 0x0000000089e00000, 0x0000000089e00000| Untracked 
| 129|0x0000000089f00000, 0x0000000089f00000, 0x000000008a000000|  0%| F|  |TAMS 0x0000000089f00000, 0x0000000089f00000| Untracked 
| 130|0x000000008a000000, 0x000000008a000000, 0x000000008a100000|  0%| F|  |TAMS 0x000000008a000000, 0x000000008a000000| Untracked 
| 131|0x000000008a100000, 0x000000008a100000, 0x000000008a200000|  0%| F|  |TAMS 0x000000008a100000, 0x000000008a100000| Untracked 
| 132|0x000000008a200000, 0x000000008a200000, 0x000000008a300000|  0%| F|  |TAMS 0x000000008a200000, 0x000000008a200000| Untracked 
| 133|0x000000008a300000, 0x000000008a300000, 0x000000008a400000|  0%| F|  |TAMS 0x000000008a300000, 0x000000008a300000| Untracked 
| 134|0x000000008a400000, 0x000000008a400000, 0x000000008a500000|  0%| F|  |TAMS 0x000000008a400000, 0x000000008a400000| Untracked 
| 135|0x000000008a500000, 0x000000008a500000, 0x000000008a600000|  0%| F|  |TAMS 0x000000008a500000, 0x000000008a500000| Untracked 
| 136|0x000000008a600000, 0x000000008a600000, 0x000000008a700000|  0%| F|  |TAMS 0x000000008a600000, 0x000000008a600000| Untracked 
| 137|0x000000008a700000, 0x000000008a700000, 0x000000008a800000|  0%| F|  |TAMS 0x000000008a700000, 0x000000008a700000| Untracked 
| 138|0x000000008a800000, 0x000000008a800000, 0x000000008a900000|  0%| F|  |TAMS 0x000000008a800000, 0x000000008a800000| Untracked 
| 139|0x000000008a900000, 0x000000008a900000, 0x000000008aa00000|  0%| F|  |TAMS 0x000000008a900000, 0x000000008a900000| Untracked 
| 140|0x000000008aa00000, 0x000000008aa00000, 0x000000008ab00000|  0%| F|  |TAMS 0x000000008aa00000, 0x000000008aa00000| Untracked 
| 141|0x000000008ab00000, 0x000000008ab00000, 0x000000008ac00000|  0%| F|  |TAMS 0x000000008ab00000, 0x000000008ab00000| Untracked 
| 142|0x000000008ac00000, 0x000000008ac00000, 0x000000008ad00000|  0%| F|  |TAMS 0x000000008ac00000, 0x000000008ac00000| Untracked 
| 143|0x000000008ad00000, 0x000000008ad00000, 0x000000008ae00000|  0%| F|  |TAMS 0x000000008ad00000, 0x000000008ad00000| Untracked 
| 144|0x000000008ae00000, 0x000000008ae00000, 0x000000008af00000|  0%| F|  |TAMS 0x000000008ae00000, 0x000000008ae00000| Untracked 
| 145|0x000000008af00000, 0x000000008af00000, 0x000000008b000000|  0%| F|  |TAMS 0x000000008af00000, 0x000000008af00000| Untracked 
| 146|0x000000008b000000, 0x000000008b000000, 0x000000008b100000|  0%| F|  |TAMS 0x000000008b000000, 0x000000008b000000| Untracked 
| 147|0x000000008b100000, 0x000000008b100000, 0x000000008b200000|  0%| F|  |TAMS 0x000000008b100000, 0x000000008b100000| Untracked 
| 148|0x000000008b200000, 0x000000008b200000, 0x000000008b300000|  0%| F|  |TAMS 0x000000008b200000, 0x000000008b200000| Untracked 
| 149|0x000000008b300000, 0x000000008b300000, 0x000000008b400000|  0%| F|  |TAMS 0x000000008b300000, 0x000000008b300000| Untracked 
| 150|0x000000008b400000, 0x000000008b480000, 0x000000008b500000| 50%| S|CS|TAMS 0x000000008b400000, 0x000000008b400000| Complete 
| 151|0x000000008b500000, 0x000000008b600000, 0x000000008b600000|100%| S|CS|TAMS 0x000000008b500000, 0x000000008b500000| Complete 
| 152|0x000000008b600000, 0x000000008b600000, 0x000000008b700000|  0%| F|  |TAMS 0x000000008b600000, 0x000000008b600000| Untracked 
| 153|0x000000008b700000, 0x000000008b700000, 0x000000008b800000|  0%| F|  |TAMS 0x000000008b700000, 0x000000008b700000| Untracked 
| 154|0x000000008b800000, 0x000000008b800000, 0x000000008b900000|  0%| F|  |TAMS 0x000000008b800000, 0x000000008b800000| Untracked 
| 155|0x000000008b900000, 0x000000008b900000, 0x000000008ba00000|  0%| F|  |TAMS 0x000000008b900000, 0x000000008b900000| Untracked 
| 156|0x000000008ba00000, 0x000000008ba00000, 0x000000008bb00000|  0%| F|  |TAMS 0x000000008ba00000, 0x000000008ba00000| Untracked 
| 157|0x000000008bb00000, 0x000000008bb00000, 0x000000008bc00000|  0%| F|  |TAMS 0x000000008bb00000, 0x000000008bb00000| Untracked 
| 158|0x000000008bc00000, 0x000000008bc00000, 0x000000008bd00000|  0%| F|  |TAMS 0x000000008bc00000, 0x000000008bc00000| Untracked 
| 159|0x000000008bd00000, 0x000000008bd00000, 0x000000008be00000|  0%| F|  |TAMS 0x000000008bd00000, 0x000000008bd00000| Untracked 
| 160|0x000000008be00000, 0x000000008be00000, 0x000000008bf00000|  0%| F|  |TAMS 0x000000008be00000, 0x000000008be00000| Untracked 
| 161|0x000000008bf00000, 0x000000008bf00000, 0x000000008c000000|  0%| F|  |TAMS 0x000000008bf00000, 0x000000008bf00000| Untracked 
| 162|0x000000008c000000, 0x000000008c000000, 0x000000008c100000|  0%| F|  |TAMS 0x000000008c000000, 0x000000008c000000| Untracked 
| 163|0x000000008c100000, 0x000000008c100000, 0x000000008c200000|  0%| F|  |TAMS 0x000000008c100000, 0x000000008c100000| Untracked 
| 164|0x000000008c200000, 0x000000008c200000, 0x000000008c300000|  0%| F|  |TAMS 0x000000008c200000, 0x000000008c200000| Untracked 
| 165|0x000000008c300000, 0x000000008c300000, 0x000000008c400000|  0%| F|  |TAMS 0x000000008c300000, 0x000000008c300000| Untracked 
| 166|0x000000008c400000, 0x000000008c400000, 0x000000008c500000|  0%| F|  |TAMS 0x000000008c400000, 0x000000008c400000| Untracked 
| 167|0x000000008c500000, 0x000000008c500000, 0x000000008c600000|  0%| F|  |TAMS 0x000000008c500000, 0x000000008c500000| Untracked 
| 168|0x000000008c600000, 0x000000008c600000, 0x000000008c700000|  0%| F|  |TAMS 0x000000008c600000, 0x000000008c600000| Untracked 
| 169|0x000000008c700000, 0x000000008c700000, 0x000000008c800000|  0%| F|  |TAMS 0x000000008c700000, 0x000000008c700000| Untracked 
| 170|0x000000008c800000, 0x000000008c800000, 0x000000008c900000|  0%| F|  |TAMS 0x000000008c800000, 0x000000008c800000| Untracked 
| 171|0x000000008c900000, 0x000000008c900000, 0x000000008ca00000|  0%| F|  |TAMS 0x000000008c900000, 0x000000008c900000| Untracked 
| 172|0x000000008ca00000, 0x000000008ca00000, 0x000000008cb00000|  0%| F|  |TAMS 0x000000008ca00000, 0x000000008ca00000| Untracked 
| 173|0x000000008cb00000, 0x000000008cb00000, 0x000000008cc00000|  0%| F|  |TAMS 0x000000008cb00000, 0x000000008cb00000| Untracked 
| 174|0x000000008cc00000, 0x000000008cc00000, 0x000000008cd00000|  0%| F|  |TAMS 0x000000008cc00000, 0x000000008cc00000| Untracked 
| 175|0x000000008cd00000, 0x000000008cd00000, 0x000000008ce00000|  0%| F|  |TAMS 0x000000008cd00000, 0x000000008cd00000| Untracked 
| 176|0x000000008ce00000, 0x000000008ce00000, 0x000000008cf00000|  0%| F|  |TAMS 0x000000008ce00000, 0x000000008ce00000| Untracked 
| 177|0x000000008cf00000, 0x000000008cf00000, 0x000000008d000000|  0%| F|  |TAMS 0x000000008cf00000, 0x000000008cf00000| Untracked 
| 178|0x000000008d000000, 0x000000008d000000, 0x000000008d100000|  0%| F|  |TAMS 0x000000008d000000, 0x000000008d000000| Untracked 
| 179|0x000000008d100000, 0x000000008d100000, 0x000000008d200000|  0%| F|  |TAMS 0x000000008d100000, 0x000000008d100000| Untracked 
| 180|0x000000008d200000, 0x000000008d200000, 0x000000008d300000|  0%| F|  |TAMS 0x000000008d200000, 0x000000008d200000| Untracked 
| 181|0x000000008d300000, 0x000000008d380800, 0x000000008d400000| 50%| E|  |TAMS 0x000000008d300000, 0x000000008d300000| Complete 
| 182|0x000000008d400000, 0x000000008d500000, 0x000000008d500000|100%| E|CS|TAMS 0x000000008d400000, 0x000000008d400000| Complete 
| 183|0x000000008d500000, 0x000000008d600000, 0x000000008d600000|100%| E|CS|TAMS 0x000000008d500000, 0x000000008d500000| Complete 
| 184|0x000000008d600000, 0x000000008d700000, 0x000000008d700000|100%| E|CS|TAMS 0x000000008d600000, 0x000000008d600000| Complete 

Card table byte_map: [0x000001e1fe690000,0x000001e1fea90000] _byte_map_base: 0x000001e1fe281000

Marking Bits (Prev, Next): (CMBitMap*) 0x000001e1fe1f6d88, (CMBitMap*) 0x000001e1fe1f6dc0
 Prev Bits: [0x000001e1972b0000, 0x000001e199238000)
 Next Bits: [0x000001e199240000, 0x000001e19b1c8000)

Polling page: 0x000001e1fd990000

Metaspace:

Usage:
  Non-class:     31.42 MB capacity,    30.96 MB ( 99%) used,   408.13 KB (  1%) free+waste,    68.69 KB ( <1%) overhead. 
      Class:      3.81 MB capacity,     3.55 MB ( 93%) used,   235.78 KB (  6%) free+waste,    27.88 KB ( <1%) overhead. 
       Both:     35.23 MB capacity,    34.51 MB ( 98%) used,   643.91 KB (  2%) free+waste,    96.56 KB ( <1%) overhead. 

Virtual space:
  Non-class space:       32.00 MB reserved,      31.42 MB ( 98%) committed 
      Class space:        1.00 GB reserved,       3.88 MB ( <1%) committed 
             Both:        1.03 GB reserved,      35.30 MB (  3%) committed 

Chunk freelists:
   Non-Class:  0 bytes
       Class:  768 bytes
        Both:  768 bytes

CodeHeap 'non-profiled nmethods': size=120064Kb used=3841Kb max_used=3884Kb free=116222Kb
 bounds [0x000001e18fd70000, 0x000001e190140000, 0x000001e1972b0000]
CodeHeap 'profiled nmethods': size=120000Kb used=16471Kb max_used=16610Kb free=103529Kb
 bounds [0x000001e188840000, 0x000001e189880000, 0x000001e18fd70000]
CodeHeap 'non-nmethods': size=5696Kb used=1143Kb max_used=1196Kb free=4552Kb
 bounds [0x000001e1882b0000, 0x000001e188520000, 0x000001e188840000]
 total_blobs=9083 nmethods=6781 adapters=385
 compilation: enabled
              stopped_count=0, restarted_count=0
 full_count=0

Compilation events (10 events):
Event: 7.082 Thread 0x000001e1ff3a8000 6947       3       org.eclipse.sisu.wire.BeanProviders::firstOf (35 bytes)
Event: 7.082 Thread 0x000001e1ff3a8000 nmethod 6947 0x000001e18986bd10 code [0x000001e18986bf20, 0x000001e18986c4c0]
Event: 7.082 Thread 0x000001e1ff3a8000 6948       3       org.eclipse.sisu.inject.QualifyingStrategy$1::qualifies (22 bytes)
Event: 7.082 Thread 0x000001e1ff3a8000 nmethod 6948 0x000001e18986c610 code [0x000001e18986c7e0, 0x000001e18986cab0]
Event: 7.082 Thread 0x000001e1ff3a8000 6949       3       org.eclipse.sisu.wire.BeanProviders$7::get (16 bytes)
Event: 7.090 Thread 0x000001e1ff3a8000 nmethod 6949 0x000001e18986cb90 code [0x000001e18986cdc0, 0x000001e18986d590]
Event: 7.090 Thread 0x000001e19d643800 nmethod 6931 0x000001e190137490 code [0x000001e190137660, 0x000001e190137c98]
Event: 7.090 Thread 0x000001e19d643800 6930       4       java.util.concurrent.locks.AbstractQueuedSynchronizer::release (33 bytes)
Event: 7.090 Thread 0x000001e1ff3a8000 6950   !   3       com.google.inject.internal.InjectorImpl$1::get (79 bytes)
Event: 7.091 Thread 0x000001e1ff3a8000 nmethod 6950 0x000001e18986d790 code [0x000001e18986d9e0, 0x000001e18986e210]

GC Heap History (10 events):
Event: 2.525 GC heap before
{Heap before GC invocations=5 (full 0):
 garbage-first heap   total 131072K, used 50714K [0x0000000081e00000, 0x0000000100000000)
  region size 1024K, 47 young (48128K), 4 survivors (4096K)
 Metaspace       used 21546K, capacity 21863K, committed 22064K, reserved 1069056K
  class space    used 2269K, capacity 2392K, committed 2432K, reserved 1048576K
}
Event: 2.532 GC heap after
{Heap after GC invocations=6 (full 0):
 garbage-first heap   total 157696K, used 8886K [0x0000000081e00000, 0x0000000100000000)
  region size 1024K, 5 young (5120K), 5 survivors (5120K)
 Metaspace       used 21546K, capacity 21863K, committed 22064K, reserved 1069056K
  class space    used 2269K, capacity 2392K, committed 2432K, reserved 1048576K
}
Event: 3.980 GC heap before
{Heap before GC invocations=6 (full 0):
 garbage-first heap   total 157696K, used 92854K [0x0000000081e00000, 0x0000000100000000)
  region size 1024K, 87 young (89088K), 5 survivors (5120K)
 Metaspace       used 23019K, capacity 23454K, committed 23728K, reserved 1071104K
  class space    used 2379K, capacity 2538K, committed 2560K, reserved 1048576K
}
Event: 3.988 GC heap after
{Heap after GC invocations=7 (full 0):
 garbage-first heap   total 157696K, used 12264K [0x0000000081e00000, 0x0000000100000000)
  region size 1024K, 9 young (9216K), 9 survivors (9216K)
 Metaspace       used 23019K, capacity 23454K, committed 23728K, reserved 1071104K
  class space    used 2379K, capacity 2538K, committed 2560K, reserved 1048576K
}
Event: 5.560 GC heap before
{Heap before GC invocations=7 (full 0):
 garbage-first heap   total 157696K, used 96232K [0x0000000081e00000, 0x0000000100000000)
  region size 1024K, 92 young (94208K), 9 survivors (9216K)
 Metaspace       used 31593K, capacity 32219K, committed 32432K, reserved 1079296K
  class space    used 3344K, capacity 3571K, committed 3584K, reserved 1048576K
}
Event: 5.577 GC heap after
{Heap after GC invocations=8 (full 0):
 garbage-first heap   total 157696K, used 24870K [0x0000000081e00000, 0x0000000100000000)
  region size 1024K, 12 young (12288K), 12 survivors (12288K)
 Metaspace       used 31593K, capacity 32219K, committed 32432K, reserved 1079296K
  class space    used 3344K, capacity 3571K, committed 3584K, reserved 1048576K
}
Event: 6.990 GC heap before
{Heap before GC invocations=8 (full 0):
 garbage-first heap   total 157696K, used 109862K [0x0000000081e00000, 0x0000000100000000)
  region size 1024K, 92 young (94208K), 12 survivors (12288K)
 Metaspace       used 34996K, capacity 35715K, committed 35888K, reserved 1081344K
  class space    used 3603K, capacity 3864K, committed 3968K, reserved 1048576K
}
Event: 7.013 GC heap after
{Heap after GC invocations=9 (full 0):
 garbage-first heap   total 157696K, used 36808K [0x0000000081e00000, 0x0000000100000000)
  region size 1024K, 11 young (11264K), 11 survivors (11264K)
 Metaspace       used 34996K, capacity 35715K, committed 35888K, reserved 1081344K
  class space    used 3603K, capacity 3864K, committed 3968K, reserved 1048576K
}
Event: 7.039 GC heap before
{Heap before GC invocations=9 (full 0):
 garbage-first heap   total 157696K, used 37832K [0x0000000081e00000, 0x0000000100000000)
  region size 1024K, 13 young (13312K), 11 survivors (11264K)
 Metaspace       used 35121K, capacity 35811K, committed 35888K, reserved 1081344K
  class space    used 3619K, capacity 3896K, committed 3968K, reserved 1048576K
}
Event: 7.050 GC heap after
{Heap after GC invocations=10 (full 0):
 garbage-first heap   total 189440K, used 37888K [0x0000000081e00000, 0x0000000100000000)
  region size 1024K, 2 young (2048K), 2 survivors (2048K)
 Metaspace       used 35121K, capacity 35811K, committed 35888K, reserved 1081344K
  class space    used 3619K, capacity 3896K, committed 3968K, reserved 1048576K
}

Deoptimization events (10 events):
Event: 6.463 Thread 0x000001e1fe1b7000 Uncommon trap: reason=unstable_if action=reinterpret pc=0x000001e18ff7f0e4 method=java.util.HashMap.getNode(ILjava/lang/Object;)Ljava/util/HashMap$Node; @ 84 c2
Event: 6.675 Thread 0x000001e1fe1b7000 Uncommon trap: reason=unstable_if action=reinterpret pc=0x000001e190106cd4 method=com.sun.tools.javac.util.JCDiagnostic$DiagnosticInfo.of(Lcom/sun/tools/javac/util/JCDiagnostic$DiagnosticType;Ljava/lang/String;Ljava/lang/String;[Ljava/lang/Object;)Lcom/su
Event: 6.675 Thread 0x000001e1fe1b7000 Uncommon trap: reason=unstable_if action=reinterpret pc=0x000001e18fe83ecc method=java.io.BufferedWriter.flushBuffer()V @ 15 c2
Event: 6.700 Thread 0x000001e1fe1b7000 Uncommon trap: reason=class_check action=maybe_recompile pc=0x000001e18fe8de28 method=sun.nio.cs.StreamEncoder.writeBytes()V @ 120 c2
Event: 6.716 Thread 0x000001e1fe1b7000 Uncommon trap: reason=class_check action=maybe_recompile pc=0x000001e18ff6b844 method=org.eclipse.sisu.inject.LazyBeanEntry.getValue()Ljava/lang/Object; @ 4 c2
Event: 6.736 Thread 0x000001e1fe1b7000 Uncommon trap: reason=class_check action=maybe_recompile pc=0x000001e18ff6b844 method=org.eclipse.sisu.inject.LazyBeanEntry.getValue()Ljava/lang/Object; @ 4 c2
Event: 6.767 Thread 0x000001e1fe1b7000 Uncommon trap: reason=class_check action=maybe_recompile pc=0x000001e18fe8de28 method=sun.nio.cs.StreamEncoder.writeBytes()V @ 120 c2
Event: 6.980 Thread 0x000001e1fe1b7000 Uncommon trap: reason=class_check action=maybe_recompile pc=0x000001e18ff6a5bc method=org.eclipse.sisu.wire.EntryListAdapter$ValueIterator.hasNext()Z @ 4 c2
Event: 7.057 Thread 0x000001e1fe1b7000 Uncommon trap: reason=unstable_if action=reinterpret pc=0x000001e18ff3219c method=java.lang.ThreadLocal$ThreadLocalMap.getEntry(Ljava/lang/ThreadLocal;)Ljava/lang/ThreadLocal$ThreadLocalMap$Entry; @ 29 c2
Event: 7.070 Thread 0x000001e1fe1b7000 Uncommon trap: reason=unstable_if action=reinterpret pc=0x000001e18ffb4bfc method=java.lang.reflect.Modifier.isSynthetic(I)Z @ 5 c2

Classes redefined (0 events):
No events

Internal exceptions (10 events):
Event: 6.567 Thread 0x000001e1fe1b7000 Exception <a 'sun/nio/fs/WindowsException'{0x0000000087699e68}> (0x0000000087699e68) thrown at [t:/workspace/open/src/hotspot/share/prims/jni.cpp, line 615]
Event: 6.585 Thread 0x000001e1fe1b7000 Exception <a 'sun/nio/fs/WindowsException'{0x00000000875586b0}> (0x00000000875586b0) thrown at [t:/workspace/open/src/hotspot/share/prims/jni.cpp, line 615]
Event: 6.600 Thread 0x000001e1fe1b7000 Exception <a 'sun/nio/fs/WindowsException'{0x00000000874265d8}> (0x00000000874265d8) thrown at [t:/workspace/open/src/hotspot/share/prims/jni.cpp, line 615]
Event: 6.641 Thread 0x000001e1fe1b7000 Exception <a 'sun/nio/fs/WindowsException'{0x00000000873d73c0}> (0x00000000873d73c0) thrown at [t:/workspace/open/src/hotspot/share/prims/jni.cpp, line 615]
Event: 6.647 Thread 0x000001e1fe1b7000 Exception <a 'sun/nio/fs/WindowsException'{0x0000000087247b78}> (0x0000000087247b78) thrown at [t:/workspace/open/src/hotspot/share/prims/jni.cpp, line 615]
Event: 6.648 Thread 0x000001e1fe1b7000 Exception <a 'sun/nio/fs/WindowsException'{0x0000000087247e98}> (0x0000000087247e98) thrown at [t:/workspace/open/src/hotspot/share/prims/jni.cpp, line 615]
Event: 6.648 Thread 0x000001e1fe1b7000 Exception <a 'sun/nio/fs/WindowsException'{0x0000000087249870}> (0x0000000087249870) thrown at [t:/workspace/open/src/hotspot/share/prims/jni.cpp, line 615]
Event: 6.648 Thread 0x000001e1fe1b7000 Exception <a 'sun/nio/fs/WindowsException'{0x0000000087249b40}> (0x0000000087249b40) thrown at [t:/workspace/open/src/hotspot/share/prims/jni.cpp, line 615]
Event: 6.648 Thread 0x000001e1fe1b7000 Exception <a 'sun/nio/fs/WindowsException'{0x000000008724b6f8}> (0x000000008724b6f8) thrown at [t:/workspace/open/src/hotspot/share/prims/jni.cpp, line 615]
Event: 6.648 Thread 0x000001e1fe1b7000 Exception <a 'sun/nio/fs/WindowsException'{0x000000008724ba18}> (0x000000008724ba18) thrown at [t:/workspace/open/src/hotspot/share/prims/jni.cpp, line 615]

Events (10 events):
Event: 7.074 loading class org/apache/maven/project/artifact/DefaultMavenMetadataCache done
Event: 7.083 Executing VM operation: CGC_Operation
Event: 7.090 Executing VM operation: CGC_Operation done
Event: 7.090 Executing VM operation: RevokeBias
Event: 7.090 Executing VM operation: RevokeBias done
Event: 7.090 Executing VM operation: RevokeBias
Event: 7.091 Executing VM operation: RevokeBias done
Event: 7.091 Executing VM operation: RevokeBias
Event: 7.091 Executing VM operation: RevokeBias done
Event: 7.091 Executing VM operation: RevokeBias


Dynamic libraries:
0x00007ff7bfdc0000 - 0x00007ff7bfe07000 	C:\Program Files\Java\jdk-11.0.6\bin\java.exe
0x00007ff964f30000 - 0x00007ff96511d000 	C:\Windows\SYSTEM32\ntdll.dll
0x00007ff964a30000 - 0x00007ff964ae3000 	C:\Windows\System32\KERNEL32.DLL
0x00007ff961e70000 - 0x00007ff962103000 	C:\Windows\System32\KERNELBASE.dll
0x00007ff9647b0000 - 0x00007ff964853000 	C:\Windows\System32\ADVAPI32.dll
0x00007ff963a70000 - 0x00007ff963b0e000 	C:\Windows\System32\msvcrt.dll
0x00007ff963830000 - 0x00007ff9638ce000 	C:\Windows\System32\sechost.dll
0x00007ff963700000 - 0x00007ff963822000 	C:\Windows\System32\RPCRT4.dll
0x00007ff9638d0000 - 0x00007ff963a67000 	C:\Windows\System32\USER32.dll
0x00007ff961da0000 - 0x00007ff961dc0000 	C:\Windows\System32\win32u.dll
0x00007ff963b10000 - 0x00007ff963b39000 	C:\Windows\System32\GDI32.dll
0x00007ff961c00000 - 0x00007ff961d9a000 	C:\Windows\System32\gdi32full.dll
0x00007ff961830000 - 0x00007ff9618d0000 	C:\Windows\System32\msvcp_win.dll
0x00007ff961920000 - 0x00007ff961a1a000 	C:\Windows\System32\ucrtbase.dll
0x00007ff954740000 - 0x00007ff9549b9000 	C:\Windows\WinSxS\amd64_microsoft.windows.common-controls_6595b64144ccf1df_6.0.17763.475_none_05b43ca607202c6c\COMCTL32.dll
0x00007ff95a5e0000 - 0x00007ff95a5ea000 	C:\Windows\SYSTEM32\VERSION.dll
0x00007ff964af0000 - 0x00007ff964e1c000 	C:\Windows\System32\combase.dll
0x00007ff961750000 - 0x00007ff9617ce000 	C:\Windows\System32\bcryptPrimitives.dll
0x00007ff9644d0000 - 0x00007ff9644fe000 	C:\Windows\System32\IMM32.DLL
0x00007ff9469f0000 - 0x00007ff946a06000 	C:\Program Files\Java\jdk-11.0.6\bin\vcruntime140.dll
0x00007ff914520000 - 0x00007ff9145ca000 	C:\Program Files\Java\jdk-11.0.6\bin\msvcp140.dll
0x00007ff8f2ed0000 - 0x00007ff8f39f9000 	C:\Program Files\Java\jdk-11.0.6\bin\server\jvm.dll
0x00007ff964370000 - 0x00007ff964378000 	C:\Windows\System32\PSAPI.DLL
0x00007ff952a70000 - 0x00007ff952a79000 	C:\Windows\SYSTEM32\WSOCK32.dll
0x00007ff95edb0000 - 0x00007ff95edd4000 	C:\Windows\SYSTEM32\WINMM.dll
0x00007ff964460000 - 0x00007ff9644cd000 	C:\Windows\System32\WS2_32.dll
0x00007ff95ed80000 - 0x00007ff95edad000 	C:\Windows\SYSTEM32\WINMMBASE.dll
0x00007ff9618d0000 - 0x00007ff96191a000 	C:\Windows\System32\cfgmgr32.dll
0x00007ff960f30000 - 0x00007ff960f41000 	C:\Windows\System32\kernel.appcore.dll
0x00007ff944c90000 - 0x00007ff944ca1000 	C:\Program Files\Java\jdk-11.0.6\bin\verify.dll
0x00007ff9504c0000 - 0x00007ff9506ad000 	C:\Windows\SYSTEM32\DBGHELP.DLL
0x00007ff950240000 - 0x00007ff95026a000 	C:\Windows\SYSTEM32\dbgcore.DLL
0x00007ff944c60000 - 0x00007ff944c89000 	C:\Program Files\Java\jdk-11.0.6\bin\java.dll
0x00007ff938950000 - 0x00007ff93897f000 	C:\Program Files\Java\jdk-11.0.6\bin\instrument.dll
0x00007ff943ec0000 - 0x00007ff943ed6000 	C:\Program Files\Java\jdk-11.0.6\bin\zip.dll
0x00007ff95d130000 - 0x00007ff95d13a000 	C:\Program Files\Java\jdk-11.0.6\bin\jimage.dll
0x00007ff962210000 - 0x00007ff963700000 	C:\Windows\System32\SHELL32.dll
0x00007ff962160000 - 0x00007ff962208000 	C:\Windows\System32\shcore.dll
0x00007ff961000000 - 0x00007ff96174a000 	C:\Windows\System32\windows.storage.dll
0x00007ff960f50000 - 0x00007ff960f74000 	C:\Windows\System32\profapi.dll
0x00007ff960f80000 - 0x00007ff960fdd000 	C:\Windows\System32\powrprof.dll
0x00007ff964500000 - 0x00007ff964552000 	C:\Windows\System32\shlwapi.dll
0x00007ff962110000 - 0x00007ff962127000 	C:\Windows\System32\cryptsp.dll
0x00007ff9391e0000 - 0x00007ff9391f9000 	C:\Program Files\Java\jdk-11.0.6\bin\net.dll
0x00007ff95c4a0000 - 0x00007ff95c591000 	C:\Windows\SYSTEM32\WINHTTP.dll
0x00007ff960750000 - 0x00007ff9607b7000 	C:\Windows\system32\mswsock.dll
0x00007ff937f00000 - 0x00007ff937f13000 	C:\Program Files\Java\jdk-11.0.6\bin\nio.dll
0x00007ff937ba0000 - 0x00007ff937bba000 	C:\Program Files\JetBrains\IntelliJ IDEA Community Edition 2019.3.1\bin\breakgen64.dll
0x00007ff960310000 - 0x00007ff960343000 	C:\Windows\system32\rsaenh.dll
0x00007ff962130000 - 0x00007ff962156000 	C:\Windows\System32\bcrypt.dll
0x00007ff960e30000 - 0x00007ff960e58000 	C:\Windows\SYSTEM32\USERENV.dll
0x00007ff960920000 - 0x00007ff96092c000 	C:\Windows\SYSTEM32\CRYPTBASE.dll
0x00007ff9604b0000 - 0x00007ff9604ed000 	C:\Windows\SYSTEM32\IPHLPAPI.DLL
0x00007ff964380000 - 0x00007ff964388000 	C:\Windows\System32\NSI.dll
0x00007ff95cda0000 - 0x00007ff95cdb6000 	C:\Windows\SYSTEM32\dhcpcsvc6.DLL
0x00007ff95cd20000 - 0x00007ff95cd3c000 	C:\Windows\SYSTEM32\dhcpcsvc.DLL
0x00007ff9604f0000 - 0x00007ff9605b6000 	C:\Windows\SYSTEM32\DNSAPI.dll
0x00007ff946a90000 - 0x00007ff946a9a000 	C:\Users\mina\AppData\Local\Temp\jansi-1.17.1-12529886649006821548.dll
0x00007ff9465b0000 - 0x00007ff9465ba000 	C:\Users\mina\AppData\Local\Temp\jansi-1.17.1-1836272190996610105.dll

dbghelp: loaded successfully - version: 4.0.5 - missing functions: none
symbol engine: initialized successfully - sym options: 0x614 - pdb path: .;C:\Program Files\Java\jdk-11.0.6\bin;C:\Windows\SYSTEM32;C:\Windows\WinSxS\amd64_microsoft.windows.common-controls_6595b64144ccf1df_6.0.17763.475_none_05b43ca607202c6c;C:\Program Files\Java\jdk-11.0.6\bin\server;C:\Program Files\JetBrains\IntelliJ IDEA Community Edition 2019.3.1\bin;C:\Users\mina\AppData\Local\Temp

VM Arguments:
jvm_args: -Dmaven.multiModuleProjectDirectory=C:\Users\mina\IdeaProjects\DesignPatterPalying -Dmaven.home=C:\Program Files\JetBrains\IntelliJ IDEA Community Edition 2019.3.1\plugins\maven\lib\maven3 -Dclassworlds.conf=C:\Program Files\JetBrains\IntelliJ IDEA Community Edition 2019.3.1\plugins\maven\lib\maven3\bin\m2.conf -Dmaven.ext.class.path=C:\Program Files\JetBrains\IntelliJ IDEA Community Edition 2019.3.1\plugins\maven\lib\maven-event-listener.jar -javaagent:C:\Program Files\JetBrains\IntelliJ IDEA Community Edition 2019.3.1\lib\idea_rt.jar=54603:C:\Program Files\JetBrains\IntelliJ IDEA Community Edition 2019.3.1\bin -Dfile.encoding=UTF-8 
java_command: org.codehaus.classworlds.Launcher -Didea.version2019.3.3 install
java_class_path (initial): C:\Program Files\JetBrains\IntelliJ IDEA Community Edition 2019.3.1\plugins\maven\lib\maven3\boot\plexus-classworlds-2.6.0.jar
Launcher Type: SUN_STANDARD

[Global flags]
     intx CICompilerCount                          = 3                                         {product} {ergonomic}
     uint ConcGCThreads                            = 1                                         {product} {ergonomic}
     uint G1ConcRefinementThreads                  = 4                                         {product} {ergonomic}
   size_t G1HeapRegionSize                         = 1048576                                   {product} {ergonomic}
    uintx GCDrainStackTargetSize                   = 64                                        {product} {ergonomic}
   size_t InitialHeapSize                          = 134217728                                 {product} {ergonomic}
   size_t MarkStackSize                            = 4194304                                   {product} {ergonomic}
   size_t MaxHeapSize                              = 2116026368                                {product} {ergonomic}
   size_t MaxNewSize                               = 1268776960                                {product} {ergonomic}
   size_t MinHeapDeltaBytes                        = 1048576                                   {product} {ergonomic}
    uintx NonNMethodCodeHeapSize                   = 5830732                                {pd product} {ergonomic}
    uintx NonProfiledCodeHeapSize                  = 122913754                              {pd product} {ergonomic}
    uintx ProfiledCodeHeapSize                     = 122913754                              {pd product} {ergonomic}
    uintx ReservedCodeCacheSize                    = 251658240                              {pd product} {ergonomic}
     bool SegmentedCodeCache                       = true                                      {product} {ergonomic}
     bool UseCompressedClassPointers               = true                                 {lp64_product} {ergonomic}
     bool UseCompressedOops                        = true                                 {lp64_product} {ergonomic}
     bool UseG1GC                                  = true                                      {product} {ergonomic}
     bool UseLargePagesIndividualAllocation        = false                                  {pd product} {ergonomic}

Logging:
Log output configuration:
 #0: stdout all=warning uptime,level,tags
 #1: stderr all=off uptime,level,tags

Environment Variables:
PATH=C:\Program Files (x86)\Common Files\Oracle\Java\javapath;C:\Windows\system32;C:\Windows;C:\Windows\System32\Wbem;C:\Windows\System32\WindowsPowerShell\v1.0\;C:\Windows\System32\OpenSSH\;C:\Program Files (x86)\MySQL\MySQL Fabric 1.5.3 & MySQL Utilities 1.5.3 1.5\;C:\Program Files (x86)\MySQL\MySQL Fabric 1.5.3 & MySQL Utilities 1.5.3 1.5\Doctrine extensions for PHP\;C:\Program Files\Microsoft SQL Server\130\Tools\Binn\;C:\Program Files (x86)\Windows Kits\10\Windows Performance Toolkit\;C:\Program Files\dotnet\;C:\Windows\system32\config\systemprofile\.dnx\bin;C:\Program Files\Microsoft DNX\Dnvm\;C:\xampp\php;C:\composer;C:\Program Files\TortoiseSVN\bin;C:\Program Files\Git\cmd;C:\Users\mina\AppData\Local\Microsoft\WindowsApps;
USERNAME=mina
OS=Windows_NT
PROCESSOR_IDENTIFIER=Intel64 Family 6 Model 58 Stepping 9, GenuineIntel



---------------  S Y S T E M  ---------------

OS: Windows 10 , 64 bit Build 17763 (10.0.17763.475)

CPU:total 4 (initial active 4) (4 cores per cpu, 1 threads per core) family 6 model 58 stepping 9, cmov, cx8, fxsr, mmx, sse, sse2, sse3, ssse3, sse4.1, sse4.2, popcnt, avx, aes, clmul, erms, tsc, tscinvbit, tscinv

Memory: 4k page, system-wide physical 8066M (1027M free)
TotalPageFile size 12480M (AvailPageFile size 5M)
current process WorkingSet (physical memory assigned to process): 292M, peak: 292M
current process commit charge ("private bytes"): 362M, peak: 362M

vm_info: Java HotSpot(TM) 64-Bit Server VM (11.0.6+8-LTS) for windows-amd64 JRE (11.0.6+8-LTS), built on Dec 11 2019 09:17:57 by "mach5one" with MS VC++ 15.5 (VS2017)

END.
